6/11/2019 2:26:14 PM, Info: Initializing SIMPLSharp Services...
6/11/2019 2:26:15 PM, Info: ProjectInfo successfully initialized.
6/11/2019 2:31:10 PM, Info: Saving project information...
6/11/2019 2:31:10 PM, Info: Saving project information...
6/11/2019 2:31:10 PM, Info: Saving project information...
6/11/2019 2:36:10 PM, Info: Saving project information...
6/11/2019 2:36:10 PM, Info: Saving project information...
6/11/2019 2:36:10 PM, Info: Saving project information...
6/11/2019 2:41:10 PM, Info: Saving project information...
6/11/2019 2:41:10 PM, Info: Saving project information...
6/11/2019 2:41:10 PM, Info: Saving project information...
6/11/2019 2:46:10 PM, Info: Saving project information...
6/11/2019 2:46:10 PM, Info: Saving project information...
6/11/2019 2:46:10 PM, Info: Saving project information...
6/11/2019 2:51:10 PM, Info: Saving project information...
6/11/2019 2:51:10 PM, Info: Saving project information...
6/11/2019 2:51:10 PM, Info: Saving project information...
6/11/2019 2:56:10 PM, Info: Saving project information...
6/11/2019 2:56:10 PM, Info: Saving project information...
6/11/2019 2:56:10 PM, Info: Saving project information...
6/11/2019 3:01:10 PM, Info: Saving project information...
6/11/2019 3:01:10 PM, Info: Saving project information...
6/11/2019 3:01:10 PM, Info: Saving project information...
6/11/2019 3:06:10 PM, Info: Saving project information...
6/11/2019 3:06:10 PM, Info: Saving project information...
6/11/2019 3:06:10 PM, Info: Saving project information...
6/11/2019 3:11:10 PM, Info: Saving project information...
6/11/2019 3:11:10 PM, Info: Saving project information...
6/11/2019 3:11:10 PM, Info: Saving project information...
6/11/2019 3:11:24 PM, Info: Saving project information...
6/11/2019 3:11:24 PM, Info: Saving project information...
6/11/2019 3:11:24 PM, Info: Saving project information...
6/11/2019 3:11:24 PM, Info: Saving project information...
6/11/2019 3:11:24 PM, Info: Saving project information...
6/11/2019 3:11:24 PM, Info: Saving project information...
6/11/2019 3:14:52 PM, Info: Validating assembly C:\Users\JTA\Documents\Stash Folder\KPMG\SLN101-TypeC\SLN101-TypeC.Plugins\Qsc.Dsp.Epi\KPMG.QSC.DSP.EPI\KPMG.QSC.DSP.EPI\bin\Debug\KPMG.QSC.DSP.EPI.dll...
6/11/2019 3:14:53 PM, Info: Verifying assembly C:\Users\JTA\Documents\Stash Folder\KPMG\SLN101-TypeC\SLN101-TypeC.Plugins\Qsc.Dsp.Epi\KPMG.QSC.DSP.EPI\KPMG.QSC.DSP.EPI\bin\Debug\KPMG.QSC.DSP.EPI.dll
6/11/2019 3:14:53 PM, Info: Creating Archive C:\Users\JTA\Documents\Stash Folder\KPMG\SLN101-TypeC\SLN101-TypeC.Plugins\Qsc.Dsp.Epi\KPMG.QSC.DSP.EPI\KPMG.QSC.DSP.EPI\bin\Debug\KPMG.QSC.DSP.EPI.cplz...
6/11/2019 3:14:54 PM, Info: Saving project information...
6/11/2019 3:20:11 PM, Info: Validating assembly C:\Users\JTA\Documents\Stash Folder\KPMG\SLN101-TypeC\SLN101-TypeC.Plugins\Qsc.Dsp.Epi\KPMG.QSC.DSP.EPI\KPMG.QSC.DSP.EPI\bin\Debug\KPMG.QSC.DSP.EPI.dll...
6/11/2019 3:20:11 PM, Info: Verifying assembly C:\Users\JTA\Documents\Stash Folder\KPMG\SLN101-TypeC\SLN101-TypeC.Plugins\Qsc.Dsp.Epi\KPMG.QSC.DSP.EPI\KPMG.QSC.DSP.EPI\bin\Debug\KPMG.QSC.DSP.EPI.dll
6/11/2019 3:20:12 PM, Info: Creating Archive C:\Users\JTA\Documents\Stash Folder\KPMG\SLN101-TypeC\SLN101-TypeC.Plugins\Qsc.Dsp.Epi\KPMG.QSC.DSP.EPI\KPMG.QSC.DSP.EPI\bin\Debug\KPMG.QSC.DSP.EPI.cplz...
6/11/2019 3:20:13 PM, Info: Saving project information...
6/11/2019 3:24:00 PM, Info: Validating assembly C:\Users\JTA\Documents\Stash Folder\KPMG\SLN101-TypeC\SLN101-TypeC.Plugins\Qsc.Dsp.Epi\KPMG.QSC.DSP.EPI\KPMG.QSC.DSP.EPI\bin\Debug\KPMG.QSC.DSP.EPI.dll...
6/11/2019 3:24:00 PM, Info: Verifying assembly C:\Users\JTA\Documents\Stash Folder\KPMG\SLN101-TypeC\SLN101-TypeC.Plugins\Qsc.Dsp.Epi\KPMG.QSC.DSP.EPI\KPMG.QSC.DSP.EPI\bin\Debug\KPMG.QSC.DSP.EPI.dll
6/11/2019 3:24:00 PM, Info: Creating Archive C:\Users\JTA\Documents\Stash Folder\KPMG\SLN101-TypeC\SLN101-TypeC.Plugins\Qsc.Dsp.Epi\KPMG.QSC.DSP.EPI\KPMG.QSC.DSP.EPI\bin\Debug\KPMG.QSC.DSP.EPI.cplz...
6/11/2019 3:24:02 PM, Info: Saving project information...
6/11/2019 3:37:51 PM, Info: Validating assembly C:\Users\JTA\Documents\Stash Folder\KPMG\SLN101-TypeC\SLN101-TypeC.Plugins\Qsc.Dsp.Epi\KPMG.QSC.DSP.EPI\KPMG.QSC.DSP.EPI\bin\Debug\KPMG.QSC.DSP.EPI.dll...
6/11/2019 3:37:51 PM, Info: Verifying assembly C:\Users\JTA\Documents\Stash Folder\KPMG\SLN101-TypeC\SLN101-TypeC.Plugins\Qsc.Dsp.Epi\KPMG.QSC.DSP.EPI\KPMG.QSC.DSP.EPI\bin\Debug\KPMG.QSC.DSP.EPI.dll
6/11/2019 3:37:51 PM, Info: Creating Archive C:\Users\JTA\Documents\Stash Folder\KPMG\SLN101-TypeC\SLN101-TypeC.Plugins\Qsc.Dsp.Epi\KPMG.QSC.DSP.EPI\KPMG.QSC.DSP.EPI\bin\Debug\KPMG.QSC.DSP.EPI.cplz...
6/11/2019 3:37:52 PM, Info: Saving project information...
6/11/2019 3:47:32 PM, Info: Validating assembly C:\Users\JTA\Documents\Stash Folder\KPMG\SLN101-TypeC\SLN101-TypeC.Plugins\Qsc.Dsp.Epi\KPMG.QSC.DSP.EPI\KPMG.QSC.DSP.EPI\bin\Debug\KPMG.QSC.DSP.EPI.dll...
6/11/2019 3:47:33 PM, Info: Verifying assembly C:\Users\JTA\Documents\Stash Folder\KPMG\SLN101-TypeC\SLN101-TypeC.Plugins\Qsc.Dsp.Epi\KPMG.QSC.DSP.EPI\KPMG.QSC.DSP.EPI\bin\Debug\KPMG.QSC.DSP.EPI.dll
6/11/2019 3:47:33 PM, Info: Creating Archive C:\Users\JTA\Documents\Stash Folder\KPMG\SLN101-TypeC\SLN101-TypeC.Plugins\Qsc.Dsp.Epi\KPMG.QSC.DSP.EPI\KPMG.QSC.DSP.EPI\bin\Debug\KPMG.QSC.DSP.EPI.cplz...
6/11/2019 3:47:34 PM, Info: Saving project information...
6/11/2019 4:11:02 PM, Info: Validating assembly C:\Users\JTA\Documents\Stash Folder\KPMG\SLN101-TypeC\SLN101-TypeC.Plugins\Qsc.Dsp.Epi\KPMG.QSC.DSP.EPI\KPMG.QSC.DSP.EPI\bin\Debug\KPMG.QSC.DSP.EPI.dll...
6/11/2019 4:11:02 PM, Info: Verifying assembly C:\Users\JTA\Documents\Stash Folder\KPMG\SLN101-TypeC\SLN101-TypeC.Plugins\Qsc.Dsp.Epi\KPMG.QSC.DSP.EPI\KPMG.QSC.DSP.EPI\bin\Debug\KPMG.QSC.DSP.EPI.dll
6/11/2019 4:11:02 PM, Info: Creating Archive C:\Users\JTA\Documents\Stash Folder\KPMG\SLN101-TypeC\SLN101-TypeC.Plugins\Qsc.Dsp.Epi\KPMG.QSC.DSP.EPI\KPMG.QSC.DSP.EPI\bin\Debug\KPMG.QSC.DSP.EPI.cplz...
6/11/2019 4:11:04 PM, Info: Saving project information...
6/11/2019 4:24:57 PM, Info: Validating assembly C:\Users\JTA\Documents\Stash Folder\KPMG\SLN101-TypeC\SLN101-TypeC.Plugins\Qsc.Dsp.Epi\KPMG.QSC.DSP.EPI\KPMG.QSC.DSP.EPI\bin\Debug\KPMG.QSC.DSP.EPI.dll...
6/11/2019 4:24:57 PM, Info: Verifying assembly C:\Users\JTA\Documents\Stash Folder\KPMG\SLN101-TypeC\SLN101-TypeC.Plugins\Qsc.Dsp.Epi\KPMG.QSC.DSP.EPI\KPMG.QSC.DSP.EPI\bin\Debug\KPMG.QSC.DSP.EPI.dll
6/11/2019 4:24:58 PM, Info: Creating Archive C:\Users\JTA\Documents\Stash Folder\KPMG\SLN101-TypeC\SLN101-TypeC.Plugins\Qsc.Dsp.Epi\KPMG.QSC.DSP.EPI\KPMG.QSC.DSP.EPI\bin\Debug\KPMG.QSC.DSP.EPI.cplz...
6/11/2019 4:25:00 PM, Info: Saving project information...
6/11/2019 5:11:10 PM, Info: Saving project information...
6/11/2019 5:11:10 PM, Info: Saving project information...
6/11/2019 5:11:10 PM, Info: Saving project information...
6/11/2019 5:13:11 PM, Info: Saving project information...
6/11/2019 5:13:11 PM, Info: Saving project information...
6/11/2019 5:13:11 PM, Info: Saving project information...
6/11/2019 5:13:11 PM, Info: Saving project information...
6/11/2019 5:13:11 PM, Info: Saving project information...
6/11/2019 5:13:11 PM, Info: Saving project information...
6/11/2019 5:16:27 PM, Info: Validating assembly C:\Users\JTA\Documents\Stash Folder\KPMG\SLN101-TypeC\SLN101-TypeC.Plugins\Qsc.Dsp.Epi\KPMG.QSC.DSP.EPI\KPMG.QSC.DSP.EPI\bin\Debug\KPMG.QSC.DSP.EPI.dll...
6/11/2019 5:16:27 PM, Info: Verifying assembly C:\Users\JTA\Documents\Stash Folder\KPMG\SLN101-TypeC\SLN101-TypeC.Plugins\Qsc.Dsp.Epi\KPMG.QSC.DSP.EPI\KPMG.QSC.DSP.EPI\bin\Debug\KPMG.QSC.DSP.EPI.dll
6/11/2019 5:16:27 PM, Info: Creating Archive C:\Users\JTA\Documents\Stash Folder\KPMG\SLN101-TypeC\SLN101-TypeC.Plugins\Qsc.Dsp.Epi\KPMG.QSC.DSP.EPI\KPMG.QSC.DSP.EPI\bin\Debug\KPMG.QSC.DSP.EPI.cplz...
6/11/2019 5:16:28 PM, Info: Saving project information...
6/12/2019 10:12:48 AM, Info: Terminating SIMPLSharp Services
