6/25/2019 9:03:42 AM, Info: Initializing SIMPLSharp Services...
6/25/2019 9:03:42 AM, Info: ProjectInfo successfully initialized.
6/25/2019 9:12:12 AM, Info: Validating assembly C:\Users\JTA\Documents\Stash Folder\KPMG\SLN101-TypeC\SLN101-TypeC.Plugins\Qsc.Dsp.Epi\KPMG.QSC.DSP.EPI\KPMG.QSC.DSP.EPI\bin\Debug\KPMG.QSC.DSP.EPI.dll...
6/25/2019 9:12:13 AM, Info: Verifying assembly C:\Users\JTA\Documents\Stash Folder\KPMG\SLN101-TypeC\SLN101-TypeC.Plugins\Qsc.Dsp.Epi\KPMG.QSC.DSP.EPI\KPMG.QSC.DSP.EPI\bin\Debug\KPMG.QSC.DSP.EPI.dll
6/25/2019 9:12:13 AM, Info: Creating Archive C:\Users\JTA\Documents\Stash Folder\KPMG\SLN101-TypeC\SLN101-TypeC.Plugins\Qsc.Dsp.Epi\KPMG.QSC.DSP.EPI\KPMG.QSC.DSP.EPI\bin\Debug\KPMG.QSC.DSP.EPI.cplz...
6/25/2019 9:12:14 AM, Info: Saving project information...
6/25/2019 9:22:14 AM, Info: Validating assembly C:\Users\JTA\Documents\Stash Folder\KPMG\SLN101-TypeC\SLN101-TypeC.Plugins\Qsc.Dsp.Epi\KPMG.QSC.DSP.EPI\KPMG.QSC.DSP.EPI\bin\Debug\KPMG.QSC.DSP.EPI.dll...
6/25/2019 9:22:14 AM, Info: Verifying assembly C:\Users\JTA\Documents\Stash Folder\KPMG\SLN101-TypeC\SLN101-TypeC.Plugins\Qsc.Dsp.Epi\KPMG.QSC.DSP.EPI\KPMG.QSC.DSP.EPI\bin\Debug\KPMG.QSC.DSP.EPI.dll
6/25/2019 9:22:14 AM, Info: Creating Archive C:\Users\JTA\Documents\Stash Folder\KPMG\SLN101-TypeC\SLN101-TypeC.Plugins\Qsc.Dsp.Epi\KPMG.QSC.DSP.EPI\KPMG.QSC.DSP.EPI\bin\Debug\KPMG.QSC.DSP.EPI.cplz...
6/25/2019 9:22:15 AM, Info: Saving project information...
6/25/2019 9:31:15 AM, Info: Validating assembly C:\Users\JTA\Documents\Stash Folder\KPMG\SLN101-TypeC\SLN101-TypeC.Plugins\Qsc.Dsp.Epi\KPMG.QSC.DSP.EPI\KPMG.QSC.DSP.EPI\bin\Debug\KPMG.QSC.DSP.EPI.dll...
6/25/2019 9:31:15 AM, Info: Verifying assembly C:\Users\JTA\Documents\Stash Folder\KPMG\SLN101-TypeC\SLN101-TypeC.Plugins\Qsc.Dsp.Epi\KPMG.QSC.DSP.EPI\KPMG.QSC.DSP.EPI\bin\Debug\KPMG.QSC.DSP.EPI.dll
6/25/2019 9:31:15 AM, Info: Creating Archive C:\Users\JTA\Documents\Stash Folder\KPMG\SLN101-TypeC\SLN101-TypeC.Plugins\Qsc.Dsp.Epi\KPMG.QSC.DSP.EPI\KPMG.QSC.DSP.EPI\bin\Debug\KPMG.QSC.DSP.EPI.cplz...
6/25/2019 9:31:16 AM, Info: Saving project information...
6/25/2019 9:38:38 AM, Info: Validating assembly C:\Users\JTA\Documents\Stash Folder\KPMG\SLN101-TypeC\SLN101-TypeC.Plugins\Qsc.Dsp.Epi\KPMG.QSC.DSP.EPI\KPMG.QSC.DSP.EPI\bin\Debug\KPMG.QSC.DSP.EPI.dll...
6/25/2019 9:38:39 AM, Info: Verifying assembly C:\Users\JTA\Documents\Stash Folder\KPMG\SLN101-TypeC\SLN101-TypeC.Plugins\Qsc.Dsp.Epi\KPMG.QSC.DSP.EPI\KPMG.QSC.DSP.EPI\bin\Debug\KPMG.QSC.DSP.EPI.dll
6/25/2019 9:38:39 AM, Info: Creating Archive C:\Users\JTA\Documents\Stash Folder\KPMG\SLN101-TypeC\SLN101-TypeC.Plugins\Qsc.Dsp.Epi\KPMG.QSC.DSP.EPI\KPMG.QSC.DSP.EPI\bin\Debug\KPMG.QSC.DSP.EPI.cplz...
6/25/2019 9:38:40 AM, Info: Saving project information...
6/25/2019 10:40:36 AM, Info: Validating assembly C:\Users\JTA\Documents\Stash Folder\KPMG\SLN101-TypeC\SLN101-TypeC.Plugins\Qsc.Dsp.Epi\KPMG.QSC.DSP.EPI\KPMG.QSC.DSP.EPI\bin\Debug\KPMG.QSC.DSP.EPI.dll...
6/25/2019 10:40:36 AM, Info: Verifying assembly C:\Users\JTA\Documents\Stash Folder\KPMG\SLN101-TypeC\SLN101-TypeC.Plugins\Qsc.Dsp.Epi\KPMG.QSC.DSP.EPI\KPMG.QSC.DSP.EPI\bin\Debug\KPMG.QSC.DSP.EPI.dll
6/25/2019 10:40:36 AM, Info: Creating Archive C:\Users\JTA\Documents\Stash Folder\KPMG\SLN101-TypeC\SLN101-TypeC.Plugins\Qsc.Dsp.Epi\KPMG.QSC.DSP.EPI\KPMG.QSC.DSP.EPI\bin\Debug\KPMG.QSC.DSP.EPI.cplz...
6/25/2019 10:40:37 AM, Info: Saving project information...
6/25/2019 10:48:40 AM, Info: Saving project information...
6/25/2019 10:48:40 AM, Info: Saving project information...
6/25/2019 10:48:40 AM, Info: Saving project information...
6/25/2019 10:50:40 AM, Info: Saving project information...
6/25/2019 10:50:40 AM, Info: Saving project information...
6/25/2019 10:50:40 AM, Info: Saving project information...
6/25/2019 10:50:40 AM, Info: Saving project information...
6/25/2019 10:50:40 AM, Info: Saving project information...
6/25/2019 10:50:40 AM, Info: Saving project information...
6/25/2019 10:54:45 AM, Info: Saving project information...
6/25/2019 10:54:45 AM, Info: Saving project information...
6/25/2019 10:54:45 AM, Info: Saving project information...
6/25/2019 10:54:45 AM, Info: Saving project information...
6/25/2019 10:54:45 AM, Info: Saving project information...
6/25/2019 10:54:45 AM, Info: Saving project information...
6/25/2019 10:59:34 AM, Info: Validating assembly C:\Users\JTA\Documents\Stash Folder\KPMG\SLN101-TypeC\SLN101-TypeC.Plugins\Qsc.Dsp.Epi\KPMG.QSC.DSP.EPI\KPMG.QSC.DSP.EPI\bin\Debug\KPMG.QSC.DSP.EPI.dll...
6/25/2019 10:59:34 AM, Info: Verifying assembly C:\Users\JTA\Documents\Stash Folder\KPMG\SLN101-TypeC\SLN101-TypeC.Plugins\Qsc.Dsp.Epi\KPMG.QSC.DSP.EPI\KPMG.QSC.DSP.EPI\bin\Debug\KPMG.QSC.DSP.EPI.dll
6/25/2019 10:59:34 AM, Info: Creating Archive C:\Users\JTA\Documents\Stash Folder\KPMG\SLN101-TypeC\SLN101-TypeC.Plugins\Qsc.Dsp.Epi\KPMG.QSC.DSP.EPI\KPMG.QSC.DSP.EPI\bin\Debug\KPMG.QSC.DSP.EPI.cplz...
6/25/2019 10:59:35 AM, Info: Saving project information...
6/25/2019 11:14:32 AM, Info: Validating assembly C:\Users\JTA\Documents\Stash Folder\KPMG\SLN101-TypeC\SLN101-TypeC.Plugins\Qsc.Dsp.Epi\KPMG.QSC.DSP.EPI\KPMG.QSC.DSP.EPI\bin\Debug\KPMG.QSC.DSP.EPI.dll...
6/25/2019 11:14:32 AM, Info: Verifying assembly C:\Users\JTA\Documents\Stash Folder\KPMG\SLN101-TypeC\SLN101-TypeC.Plugins\Qsc.Dsp.Epi\KPMG.QSC.DSP.EPI\KPMG.QSC.DSP.EPI\bin\Debug\KPMG.QSC.DSP.EPI.dll
6/25/2019 11:14:32 AM, Info: Creating Archive C:\Users\JTA\Documents\Stash Folder\KPMG\SLN101-TypeC\SLN101-TypeC.Plugins\Qsc.Dsp.Epi\KPMG.QSC.DSP.EPI\KPMG.QSC.DSP.EPI\bin\Debug\KPMG.QSC.DSP.EPI.cplz...
6/25/2019 11:14:33 AM, Info: Saving project information...
6/25/2019 11:17:36 AM, Info: Validating assembly C:\Users\JTA\Documents\Stash Folder\KPMG\SLN101-TypeC\SLN101-TypeC.Plugins\Qsc.Dsp.Epi\KPMG.QSC.DSP.EPI\KPMG.QSC.DSP.EPI\bin\Debug\KPMG.QSC.DSP.EPI.dll...
6/25/2019 11:17:36 AM, Info: Verifying assembly C:\Users\JTA\Documents\Stash Folder\KPMG\SLN101-TypeC\SLN101-TypeC.Plugins\Qsc.Dsp.Epi\KPMG.QSC.DSP.EPI\KPMG.QSC.DSP.EPI\bin\Debug\KPMG.QSC.DSP.EPI.dll
6/25/2019 11:17:36 AM, Info: Creating Archive C:\Users\JTA\Documents\Stash Folder\KPMG\SLN101-TypeC\SLN101-TypeC.Plugins\Qsc.Dsp.Epi\KPMG.QSC.DSP.EPI\KPMG.QSC.DSP.EPI\bin\Debug\KPMG.QSC.DSP.EPI.cplz...
6/25/2019 11:17:37 AM, Info: Saving project information...
6/25/2019 12:32:38 PM, Info: Validating assembly C:\Users\JTA\Documents\Stash Folder\KPMG\SLN101-TypeC\SLN101-TypeC.Plugins\Qsc.Dsp.Epi\KPMG.QSC.DSP.EPI\KPMG.QSC.DSP.EPI\bin\Debug\KPMG.QSC.DSP.EPI.dll...
6/25/2019 12:32:38 PM, Info: Verifying assembly C:\Users\JTA\Documents\Stash Folder\KPMG\SLN101-TypeC\SLN101-TypeC.Plugins\Qsc.Dsp.Epi\KPMG.QSC.DSP.EPI\KPMG.QSC.DSP.EPI\bin\Debug\KPMG.QSC.DSP.EPI.dll
6/25/2019 12:32:38 PM, Info: Creating Archive C:\Users\JTA\Documents\Stash Folder\KPMG\SLN101-TypeC\SLN101-TypeC.Plugins\Qsc.Dsp.Epi\KPMG.QSC.DSP.EPI\KPMG.QSC.DSP.EPI\bin\Debug\KPMG.QSC.DSP.EPI.cplz...
6/25/2019 12:32:39 PM, Info: Saving project information...
6/25/2019 12:32:52 PM, Info: Validating assembly C:\Users\JTA\Documents\Stash Folder\KPMG\SLN101-TypeC\SLN101-TypeC.Plugins\Qsc.Dsp.Epi\KPMG.QSC.DSP.EPI\KPMG.QSC.DSP.EPI\bin\Debug\KPMG.QSC.DSP.EPI.dll...
6/25/2019 12:32:53 PM, Info: Verifying assembly C:\Users\JTA\Documents\Stash Folder\KPMG\SLN101-TypeC\SLN101-TypeC.Plugins\Qsc.Dsp.Epi\KPMG.QSC.DSP.EPI\KPMG.QSC.DSP.EPI\bin\Debug\KPMG.QSC.DSP.EPI.dll
6/25/2019 12:32:53 PM, Info: Creating Archive C:\Users\JTA\Documents\Stash Folder\KPMG\SLN101-TypeC\SLN101-TypeC.Plugins\Qsc.Dsp.Epi\KPMG.QSC.DSP.EPI\KPMG.QSC.DSP.EPI\bin\Debug\KPMG.QSC.DSP.EPI.cplz...
6/25/2019 12:32:54 PM, Info: Saving project information...
6/25/2019 12:43:08 PM, Info: Validating assembly C:\Users\JTA\Documents\Stash Folder\KPMG\SLN101-TypeC\SLN101-TypeC.Plugins\Qsc.Dsp.Epi\KPMG.QSC.DSP.EPI\KPMG.QSC.DSP.EPI\bin\Debug\KPMG.QSC.DSP.EPI.dll...
6/25/2019 12:43:08 PM, Info: Verifying assembly C:\Users\JTA\Documents\Stash Folder\KPMG\SLN101-TypeC\SLN101-TypeC.Plugins\Qsc.Dsp.Epi\KPMG.QSC.DSP.EPI\KPMG.QSC.DSP.EPI\bin\Debug\KPMG.QSC.DSP.EPI.dll
6/25/2019 12:43:08 PM, Info: Creating Archive C:\Users\JTA\Documents\Stash Folder\KPMG\SLN101-TypeC\SLN101-TypeC.Plugins\Qsc.Dsp.Epi\KPMG.QSC.DSP.EPI\KPMG.QSC.DSP.EPI\bin\Debug\KPMG.QSC.DSP.EPI.cplz...
6/25/2019 12:43:09 PM, Info: Saving project information...
6/25/2019 12:48:47 PM, Info: Validating assembly C:\Users\JTA\Documents\Stash Folder\KPMG\SLN101-TypeC\SLN101-TypeC.Plugins\Qsc.Dsp.Epi\KPMG.QSC.DSP.EPI\KPMG.QSC.DSP.EPI\bin\Debug\KPMG.QSC.DSP.EPI.dll...
6/25/2019 12:48:47 PM, Info: Verifying assembly C:\Users\JTA\Documents\Stash Folder\KPMG\SLN101-TypeC\SLN101-TypeC.Plugins\Qsc.Dsp.Epi\KPMG.QSC.DSP.EPI\KPMG.QSC.DSP.EPI\bin\Debug\KPMG.QSC.DSP.EPI.dll
6/25/2019 12:48:47 PM, Info: Creating Archive C:\Users\JTA\Documents\Stash Folder\KPMG\SLN101-TypeC\SLN101-TypeC.Plugins\Qsc.Dsp.Epi\KPMG.QSC.DSP.EPI\KPMG.QSC.DSP.EPI\bin\Debug\KPMG.QSC.DSP.EPI.cplz...
6/25/2019 12:48:48 PM, Info: Saving project information...
6/25/2019 12:52:15 PM, Info: Validating assembly C:\Users\JTA\Documents\Stash Folder\KPMG\SLN101-TypeC\SLN101-TypeC.Plugins\Qsc.Dsp.Epi\KPMG.QSC.DSP.EPI\KPMG.QSC.DSP.EPI\bin\Debug\KPMG.QSC.DSP.EPI.dll...
6/25/2019 12:52:15 PM, Info: Verifying assembly C:\Users\JTA\Documents\Stash Folder\KPMG\SLN101-TypeC\SLN101-TypeC.Plugins\Qsc.Dsp.Epi\KPMG.QSC.DSP.EPI\KPMG.QSC.DSP.EPI\bin\Debug\KPMG.QSC.DSP.EPI.dll
6/25/2019 12:52:15 PM, Info: Creating Archive C:\Users\JTA\Documents\Stash Folder\KPMG\SLN101-TypeC\SLN101-TypeC.Plugins\Qsc.Dsp.Epi\KPMG.QSC.DSP.EPI\KPMG.QSC.DSP.EPI\bin\Debug\KPMG.QSC.DSP.EPI.cplz...
6/25/2019 12:52:16 PM, Info: Saving project information...
6/25/2019 1:03:45 PM, Info: Validating assembly C:\Users\JTA\Documents\Stash Folder\KPMG\SLN101-TypeC\SLN101-TypeC.Plugins\Qsc.Dsp.Epi\KPMG.QSC.DSP.EPI\KPMG.QSC.DSP.EPI\bin\Debug\KPMG.QSC.DSP.EPI.dll...
6/25/2019 1:03:45 PM, Info: Verifying assembly C:\Users\JTA\Documents\Stash Folder\KPMG\SLN101-TypeC\SLN101-TypeC.Plugins\Qsc.Dsp.Epi\KPMG.QSC.DSP.EPI\KPMG.QSC.DSP.EPI\bin\Debug\KPMG.QSC.DSP.EPI.dll
6/25/2019 1:03:45 PM, Info: Creating Archive C:\Users\JTA\Documents\Stash Folder\KPMG\SLN101-TypeC\SLN101-TypeC.Plugins\Qsc.Dsp.Epi\KPMG.QSC.DSP.EPI\KPMG.QSC.DSP.EPI\bin\Debug\KPMG.QSC.DSP.EPI.cplz...
6/25/2019 1:03:46 PM, Info: Saving project information...
6/25/2019 1:14:28 PM, Info: Validating assembly C:\Users\JTA\Documents\Stash Folder\KPMG\SLN101-TypeC\SLN101-TypeC.Plugins\Qsc.Dsp.Epi\KPMG.QSC.DSP.EPI\KPMG.QSC.DSP.EPI\bin\Debug\KPMG.QSC.DSP.EPI.dll...
6/25/2019 1:14:28 PM, Info: Verifying assembly C:\Users\JTA\Documents\Stash Folder\KPMG\SLN101-TypeC\SLN101-TypeC.Plugins\Qsc.Dsp.Epi\KPMG.QSC.DSP.EPI\KPMG.QSC.DSP.EPI\bin\Debug\KPMG.QSC.DSP.EPI.dll
6/25/2019 1:14:28 PM, Info: Creating Archive C:\Users\JTA\Documents\Stash Folder\KPMG\SLN101-TypeC\SLN101-TypeC.Plugins\Qsc.Dsp.Epi\KPMG.QSC.DSP.EPI\KPMG.QSC.DSP.EPI\bin\Debug\KPMG.QSC.DSP.EPI.cplz...
6/25/2019 1:14:29 PM, Info: Saving project information...
6/25/2019 1:20:20 PM, Info: Validating assembly C:\Users\JTA\Documents\Stash Folder\KPMG\SLN101-TypeC\SLN101-TypeC.Plugins\Qsc.Dsp.Epi\KPMG.QSC.DSP.EPI\KPMG.QSC.DSP.EPI\bin\Debug\KPMG.QSC.DSP.EPI.dll...
6/25/2019 1:20:20 PM, Info: Verifying assembly C:\Users\JTA\Documents\Stash Folder\KPMG\SLN101-TypeC\SLN101-TypeC.Plugins\Qsc.Dsp.Epi\KPMG.QSC.DSP.EPI\KPMG.QSC.DSP.EPI\bin\Debug\KPMG.QSC.DSP.EPI.dll
6/25/2019 1:20:20 PM, Info: Creating Archive C:\Users\JTA\Documents\Stash Folder\KPMG\SLN101-TypeC\SLN101-TypeC.Plugins\Qsc.Dsp.Epi\KPMG.QSC.DSP.EPI\KPMG.QSC.DSP.EPI\bin\Debug\KPMG.QSC.DSP.EPI.cplz...
6/25/2019 1:20:21 PM, Info: Saving project information...
6/25/2019 1:23:00 PM, Info: Validating assembly C:\Users\JTA\Documents\Stash Folder\KPMG\SLN101-TypeC\SLN101-TypeC.Plugins\Qsc.Dsp.Epi\KPMG.QSC.DSP.EPI\KPMG.QSC.DSP.EPI\bin\Debug\KPMG.QSC.DSP.EPI.dll...
6/25/2019 1:23:00 PM, Info: Verifying assembly C:\Users\JTA\Documents\Stash Folder\KPMG\SLN101-TypeC\SLN101-TypeC.Plugins\Qsc.Dsp.Epi\KPMG.QSC.DSP.EPI\KPMG.QSC.DSP.EPI\bin\Debug\KPMG.QSC.DSP.EPI.dll
6/25/2019 1:23:00 PM, Info: Creating Archive C:\Users\JTA\Documents\Stash Folder\KPMG\SLN101-TypeC\SLN101-TypeC.Plugins\Qsc.Dsp.Epi\KPMG.QSC.DSP.EPI\KPMG.QSC.DSP.EPI\bin\Debug\KPMG.QSC.DSP.EPI.cplz...
6/25/2019 1:23:01 PM, Info: Saving project information...
6/25/2019 3:13:13 PM, Info: Validating assembly C:\Users\JTA\Documents\Stash Folder\KPMG\SLN101-TypeC\SLN101-TypeC.Plugins\Qsc.Dsp.Epi\KPMG.QSC.DSP.EPI\KPMG.QSC.DSP.EPI\bin\Debug\KPMG.QSC.DSP.EPI.dll...
6/25/2019 3:13:13 PM, Info: Verifying assembly C:\Users\JTA\Documents\Stash Folder\KPMG\SLN101-TypeC\SLN101-TypeC.Plugins\Qsc.Dsp.Epi\KPMG.QSC.DSP.EPI\KPMG.QSC.DSP.EPI\bin\Debug\KPMG.QSC.DSP.EPI.dll
6/25/2019 3:13:13 PM, Info: Creating Archive C:\Users\JTA\Documents\Stash Folder\KPMG\SLN101-TypeC\SLN101-TypeC.Plugins\Qsc.Dsp.Epi\KPMG.QSC.DSP.EPI\KPMG.QSC.DSP.EPI\bin\Debug\KPMG.QSC.DSP.EPI.cplz...
6/25/2019 3:13:14 PM, Info: Saving project information...
6/25/2019 3:17:21 PM, Info: Validating assembly C:\Users\JTA\Documents\Stash Folder\KPMG\SLN101-TypeC\SLN101-TypeC.Plugins\Qsc.Dsp.Epi\KPMG.QSC.DSP.EPI\KPMG.QSC.DSP.EPI\bin\Debug\KPMG.QSC.DSP.EPI.dll...
6/25/2019 3:17:22 PM, Info: Verifying assembly C:\Users\JTA\Documents\Stash Folder\KPMG\SLN101-TypeC\SLN101-TypeC.Plugins\Qsc.Dsp.Epi\KPMG.QSC.DSP.EPI\KPMG.QSC.DSP.EPI\bin\Debug\KPMG.QSC.DSP.EPI.dll
6/25/2019 3:17:22 PM, Info: Creating Archive C:\Users\JTA\Documents\Stash Folder\KPMG\SLN101-TypeC\SLN101-TypeC.Plugins\Qsc.Dsp.Epi\KPMG.QSC.DSP.EPI\KPMG.QSC.DSP.EPI\bin\Debug\KPMG.QSC.DSP.EPI.cplz...
6/25/2019 3:17:22 PM, Info: Saving project information...
6/25/2019 3:21:07 PM, Info: Validating assembly C:\Users\JTA\Documents\Stash Folder\KPMG\SLN101-TypeC\SLN101-TypeC.Plugins\Qsc.Dsp.Epi\KPMG.QSC.DSP.EPI\KPMG.QSC.DSP.EPI\bin\Debug\KPMG.QSC.DSP.EPI.dll...
6/25/2019 3:21:07 PM, Info: Verifying assembly C:\Users\JTA\Documents\Stash Folder\KPMG\SLN101-TypeC\SLN101-TypeC.Plugins\Qsc.Dsp.Epi\KPMG.QSC.DSP.EPI\KPMG.QSC.DSP.EPI\bin\Debug\KPMG.QSC.DSP.EPI.dll
6/25/2019 3:21:07 PM, Info: Creating Archive C:\Users\JTA\Documents\Stash Folder\KPMG\SLN101-TypeC\SLN101-TypeC.Plugins\Qsc.Dsp.Epi\KPMG.QSC.DSP.EPI\KPMG.QSC.DSP.EPI\bin\Debug\KPMG.QSC.DSP.EPI.cplz...
6/25/2019 3:21:08 PM, Info: Saving project information...
6/25/2019 3:23:29 PM, Info: Validating assembly C:\Users\JTA\Documents\Stash Folder\KPMG\SLN101-TypeC\SLN101-TypeC.Plugins\Qsc.Dsp.Epi\KPMG.QSC.DSP.EPI\KPMG.QSC.DSP.EPI\bin\Debug\KPMG.QSC.DSP.EPI.dll...
6/25/2019 3:23:29 PM, Info: Verifying assembly C:\Users\JTA\Documents\Stash Folder\KPMG\SLN101-TypeC\SLN101-TypeC.Plugins\Qsc.Dsp.Epi\KPMG.QSC.DSP.EPI\KPMG.QSC.DSP.EPI\bin\Debug\KPMG.QSC.DSP.EPI.dll
6/25/2019 3:23:29 PM, Info: Creating Archive C:\Users\JTA\Documents\Stash Folder\KPMG\SLN101-TypeC\SLN101-TypeC.Plugins\Qsc.Dsp.Epi\KPMG.QSC.DSP.EPI\KPMG.QSC.DSP.EPI\bin\Debug\KPMG.QSC.DSP.EPI.cplz...
6/25/2019 3:23:30 PM, Info: Saving project information...
6/25/2019 3:26:27 PM, Info: Validating assembly C:\Users\JTA\Documents\Stash Folder\KPMG\SLN101-TypeC\SLN101-TypeC.Plugins\Qsc.Dsp.Epi\KPMG.QSC.DSP.EPI\KPMG.QSC.DSP.EPI\bin\Debug\KPMG.QSC.DSP.EPI.dll...
6/25/2019 3:26:28 PM, Info: Verifying assembly C:\Users\JTA\Documents\Stash Folder\KPMG\SLN101-TypeC\SLN101-TypeC.Plugins\Qsc.Dsp.Epi\KPMG.QSC.DSP.EPI\KPMG.QSC.DSP.EPI\bin\Debug\KPMG.QSC.DSP.EPI.dll
6/25/2019 3:26:28 PM, Info: Creating Archive C:\Users\JTA\Documents\Stash Folder\KPMG\SLN101-TypeC\SLN101-TypeC.Plugins\Qsc.Dsp.Epi\KPMG.QSC.DSP.EPI\KPMG.QSC.DSP.EPI\bin\Debug\KPMG.QSC.DSP.EPI.cplz...
6/25/2019 3:26:29 PM, Info: Saving project information...
6/25/2019 3:33:26 PM, Info: Validating assembly C:\Users\JTA\Documents\Stash Folder\KPMG\SLN101-TypeC\SLN101-TypeC.Plugins\Qsc.Dsp.Epi\KPMG.QSC.DSP.EPI\KPMG.QSC.DSP.EPI\bin\Debug\KPMG.QSC.DSP.EPI.dll...
6/25/2019 3:33:27 PM, Info: Verifying assembly C:\Users\JTA\Documents\Stash Folder\KPMG\SLN101-TypeC\SLN101-TypeC.Plugins\Qsc.Dsp.Epi\KPMG.QSC.DSP.EPI\KPMG.QSC.DSP.EPI\bin\Debug\KPMG.QSC.DSP.EPI.dll
6/25/2019 3:33:27 PM, Info: Creating Archive C:\Users\JTA\Documents\Stash Folder\KPMG\SLN101-TypeC\SLN101-TypeC.Plugins\Qsc.Dsp.Epi\KPMG.QSC.DSP.EPI\KPMG.QSC.DSP.EPI\bin\Debug\KPMG.QSC.DSP.EPI.cplz...
6/25/2019 3:33:27 PM, Info: Saving project information...
6/25/2019 3:52:52 PM, Info: Validating assembly C:\Users\JTA\Documents\Stash Folder\KPMG\SLN101-TypeC\SLN101-TypeC.Plugins\Qsc.Dsp.Epi\KPMG.QSC.DSP.EPI\KPMG.QSC.DSP.EPI\bin\Debug\KPMG.QSC.DSP.EPI.dll...
