7/1/2019 3:20:13 PM, Info: Initializing SIMPLSharp Services...
7/1/2019 3:20:13 PM, Info: ProjectInfo successfully initialized.
7/1/2019 3:25:10 PM, Info: Saving project information...
7/1/2019 3:25:11 PM, Info: Saving project information...
7/1/2019 3:25:11 PM, Info: Saving project information...
7/1/2019 3:28:59 PM, Info: Saving project information...
7/1/2019 3:28:59 PM, Info: Saving project information...
7/1/2019 3:28:59 PM, Info: Saving project information...
7/1/2019 3:28:59 PM, Info: Saving project information...
7/1/2019 3:28:59 PM, Info: Saving project information...
7/1/2019 3:28:59 PM, Info: Saving project information...
7/1/2019 3:29:02 PM, Info: Validating assembly C:\Users\JTA\Documents\Stash Folder\KPMG\SLN101-TypeC\SLN101-TypeC.Plugins\Qsc.Dsp.Epi\KPMG.QSC.DSP.EPI\KPMG.QSC.DSP.EPI\bin\Debug\KPMG.QSC.DSP.EPI.dll...
7/1/2019 3:29:02 PM, Info: Verifying assembly C:\Users\JTA\Documents\Stash Folder\KPMG\SLN101-TypeC\SLN101-TypeC.Plugins\Qsc.Dsp.Epi\KPMG.QSC.DSP.EPI\KPMG.QSC.DSP.EPI\bin\Debug\KPMG.QSC.DSP.EPI.dll
7/1/2019 3:29:02 PM, Info: Creating Archive C:\Users\JTA\Documents\Stash Folder\KPMG\SLN101-TypeC\SLN101-TypeC.Plugins\Qsc.Dsp.Epi\KPMG.QSC.DSP.EPI\KPMG.QSC.DSP.EPI\bin\Debug\KPMG.QSC.DSP.EPI.cplz...
7/1/2019 3:29:04 PM, Info: Saving project information...
7/1/2019 4:56:40 PM, Info: Validating assembly C:\Users\JTA\Documents\Stash Folder\KPMG\SLN101-TypeC\SLN101-TypeC.Plugins\Qsc.Dsp.Epi\KPMG.QSC.DSP.EPI\KPMG.QSC.DSP.EPI\bin\Debug\KPMG.QSC.DSP.EPI.dll...
7/1/2019 4:56:40 PM, Info: Verifying assembly C:\Users\JTA\Documents\Stash Folder\KPMG\SLN101-TypeC\SLN101-TypeC.Plugins\Qsc.Dsp.Epi\KPMG.QSC.DSP.EPI\KPMG.QSC.DSP.EPI\bin\Debug\KPMG.QSC.DSP.EPI.dll
7/1/2019 4:56:40 PM, Info: Creating Archive C:\Users\JTA\Documents\Stash Folder\KPMG\SLN101-TypeC\SLN101-TypeC.Plugins\Qsc.Dsp.Epi\KPMG.QSC.DSP.EPI\KPMG.QSC.DSP.EPI\bin\Debug\KPMG.QSC.DSP.EPI.cplz...
7/1/2019 4:56:41 PM, Info: Saving project information...
7/1/2019 5:04:49 PM, Info: Validating assembly C:\Users\JTA\Documents\Stash Folder\KPMG\SLN101-TypeC\SLN101-TypeC.Plugins\Qsc.Dsp.Epi\KPMG.QSC.DSP.EPI\KPMG.QSC.DSP.EPI\bin\Debug\KPMG.QSC.DSP.EPI.dll...
7/1/2019 5:04:50 PM, Info: Verifying assembly C:\Users\JTA\Documents\Stash Folder\KPMG\SLN101-TypeC\SLN101-TypeC.Plugins\Qsc.Dsp.Epi\KPMG.QSC.DSP.EPI\KPMG.QSC.DSP.EPI\bin\Debug\KPMG.QSC.DSP.EPI.dll
7/1/2019 5:04:50 PM, Info: Creating Archive C:\Users\JTA\Documents\Stash Folder\KPMG\SLN101-TypeC\SLN101-TypeC.Plugins\Qsc.Dsp.Epi\KPMG.QSC.DSP.EPI\KPMG.QSC.DSP.EPI\bin\Debug\KPMG.QSC.DSP.EPI.cplz...
7/1/2019 5:04:51 PM, Info: Saving project information...
7/1/2019 5:12:42 PM, Info: Validating assembly C:\Users\JTA\Documents\Stash Folder\KPMG\SLN101-TypeC\SLN101-TypeC.Plugins\Qsc.Dsp.Epi\KPMG.QSC.DSP.EPI\KPMG.QSC.DSP.EPI\bin\Debug\KPMG.QSC.DSP.EPI.dll...
7/1/2019 5:12:42 PM, Info: Verifying assembly C:\Users\JTA\Documents\Stash Folder\KPMG\SLN101-TypeC\SLN101-TypeC.Plugins\Qsc.Dsp.Epi\KPMG.QSC.DSP.EPI\KPMG.QSC.DSP.EPI\bin\Debug\KPMG.QSC.DSP.EPI.dll
7/1/2019 5:12:42 PM, Info: Creating Archive C:\Users\JTA\Documents\Stash Folder\KPMG\SLN101-TypeC\SLN101-TypeC.Plugins\Qsc.Dsp.Epi\KPMG.QSC.DSP.EPI\KPMG.QSC.DSP.EPI\bin\Debug\KPMG.QSC.DSP.EPI.cplz...
7/1/2019 5:12:43 PM, Info: Saving project information...
7/1/2019 5:13:05 PM, Info: Validating assembly C:\Users\JTA\Documents\Stash Folder\KPMG\SLN101-TypeC\SLN101-TypeC.Plugins\Qsc.Dsp.Epi\KPMG.QSC.DSP.EPI\KPMG.QSC.DSP.EPI\bin\Debug\KPMG.QSC.DSP.EPI.dll...
7/1/2019 5:13:05 PM, Info: Verifying assembly C:\Users\JTA\Documents\Stash Folder\KPMG\SLN101-TypeC\SLN101-TypeC.Plugins\Qsc.Dsp.Epi\KPMG.QSC.DSP.EPI\KPMG.QSC.DSP.EPI\bin\Debug\KPMG.QSC.DSP.EPI.dll
7/1/2019 5:13:05 PM, Info: Creating Archive C:\Users\JTA\Documents\Stash Folder\KPMG\SLN101-TypeC\SLN101-TypeC.Plugins\Qsc.Dsp.Epi\KPMG.QSC.DSP.EPI\KPMG.QSC.DSP.EPI\bin\Debug\KPMG.QSC.DSP.EPI.cplz...
7/1/2019 5:13:06 PM, Info: Saving project information...
7/1/2019 5:22:03 PM, Info: Validating assembly C:\Users\JTA\Documents\Stash Folder\KPMG\SLN101-TypeC\SLN101-TypeC.Plugins\Qsc.Dsp.Epi\KPMG.QSC.DSP.EPI\KPMG.QSC.DSP.EPI\bin\Debug\KPMG.QSC.DSP.EPI.dll...
7/1/2019 5:22:03 PM, Info: Verifying assembly C:\Users\JTA\Documents\Stash Folder\KPMG\SLN101-TypeC\SLN101-TypeC.Plugins\Qsc.Dsp.Epi\KPMG.QSC.DSP.EPI\KPMG.QSC.DSP.EPI\bin\Debug\KPMG.QSC.DSP.EPI.dll
7/1/2019 5:22:03 PM, Info: Creating Archive C:\Users\JTA\Documents\Stash Folder\KPMG\SLN101-TypeC\SLN101-TypeC.Plugins\Qsc.Dsp.Epi\KPMG.QSC.DSP.EPI\KPMG.QSC.DSP.EPI\bin\Debug\KPMG.QSC.DSP.EPI.cplz...
7/1/2019 5:22:04 PM, Info: Saving project information...
7/1/2019 5:37:47 PM, Info: Validating assembly C:\Users\JTA\Documents\Stash Folder\KPMG\SLN101-TypeC\SLN101-TypeC.Plugins\Qsc.Dsp.Epi\KPMG.QSC.DSP.EPI\KPMG.QSC.DSP.EPI\bin\Debug\KPMG.QSC.DSP.EPI.dll...
7/1/2019 5:37:47 PM, Info: Verifying assembly C:\Users\JTA\Documents\Stash Folder\KPMG\SLN101-TypeC\SLN101-TypeC.Plugins\Qsc.Dsp.Epi\KPMG.QSC.DSP.EPI\KPMG.QSC.DSP.EPI\bin\Debug\KPMG.QSC.DSP.EPI.dll
7/1/2019 5:37:47 PM, Info: Creating Archive C:\Users\JTA\Documents\Stash Folder\KPMG\SLN101-TypeC\SLN101-TypeC.Plugins\Qsc.Dsp.Epi\KPMG.QSC.DSP.EPI\KPMG.QSC.DSP.EPI\bin\Debug\KPMG.QSC.DSP.EPI.cplz...
7/1/2019 5:37:48 PM, Info: Saving project information...
7/1/2019 5:41:10 PM, Info: Validating assembly C:\Users\JTA\Documents\Stash Folder\KPMG\SLN101-TypeC\SLN101-TypeC.Plugins\Qsc.Dsp.Epi\KPMG.QSC.DSP.EPI\KPMG.QSC.DSP.EPI\bin\Debug\KPMG.QSC.DSP.EPI.dll...
7/1/2019 5:41:11 PM, Info: Verifying assembly C:\Users\JTA\Documents\Stash Folder\KPMG\SLN101-TypeC\SLN101-TypeC.Plugins\Qsc.Dsp.Epi\KPMG.QSC.DSP.EPI\KPMG.QSC.DSP.EPI\bin\Debug\KPMG.QSC.DSP.EPI.dll
7/1/2019 5:41:11 PM, Info: Creating Archive C:\Users\JTA\Documents\Stash Folder\KPMG\SLN101-TypeC\SLN101-TypeC.Plugins\Qsc.Dsp.Epi\KPMG.QSC.DSP.EPI\KPMG.QSC.DSP.EPI\bin\Debug\KPMG.QSC.DSP.EPI.cplz...
7/1/2019 5:41:11 PM, Info: Saving project information...
7/1/2019 5:49:41 PM, Info: Validating assembly C:\Users\JTA\Documents\Stash Folder\KPMG\SLN101-TypeC\SLN101-TypeC.Plugins\Qsc.Dsp.Epi\KPMG.QSC.DSP.EPI\KPMG.QSC.DSP.EPI\bin\Debug\KPMG.QSC.DSP.EPI.dll...
7/1/2019 5:49:42 PM, Info: Verifying assembly C:\Users\JTA\Documents\Stash Folder\KPMG\SLN101-TypeC\SLN101-TypeC.Plugins\Qsc.Dsp.Epi\KPMG.QSC.DSP.EPI\KPMG.QSC.DSP.EPI\bin\Debug\KPMG.QSC.DSP.EPI.dll
7/1/2019 5:49:42 PM, Info: Creating Archive C:\Users\JTA\Documents\Stash Folder\KPMG\SLN101-TypeC\SLN101-TypeC.Plugins\Qsc.Dsp.Epi\KPMG.QSC.DSP.EPI\KPMG.QSC.DSP.EPI\bin\Debug\KPMG.QSC.DSP.EPI.cplz...
7/1/2019 5:49:43 PM, Info: Saving project information...
7/1/2019 8:13:59 PM, Info: Terminating SIMPLSharp Services
