8/30/2019 3:32:21 PM, Info: Initializing SIMPLSharp Services...
8/30/2019 3:32:21 PM, Info: ProjectInfo successfully initialized.
8/30/2019 3:37:18 PM, Info: Saving project information...
8/30/2019 3:37:18 PM, Info: Saving project information...
8/30/2019 3:37:18 PM, Info: Saving project information...
8/30/2019 3:42:18 PM, Info: Saving project information...
8/30/2019 3:42:18 PM, Info: Saving project information...
8/30/2019 3:42:18 PM, Info: Saving project information...
8/30/2019 3:47:18 PM, Info: Saving project information...
8/30/2019 3:47:18 PM, Info: Saving project information...
8/30/2019 3:47:18 PM, Info: Saving project information...
8/30/2019 3:52:18 PM, Info: Saving project information...
8/30/2019 3:52:18 PM, Info: Saving project information...
8/30/2019 3:52:18 PM, Info: Saving project information...
8/30/2019 3:57:18 PM, Info: Saving project information...
8/30/2019 3:57:18 PM, Info: Saving project information...
8/30/2019 3:57:18 PM, Info: Saving project information...
8/30/2019 4:02:18 PM, Info: Saving project information...
8/30/2019 4:02:18 PM, Info: Saving project information...
8/30/2019 4:02:18 PM, Info: Saving project information...
8/30/2019 4:07:18 PM, Info: Saving project information...
8/30/2019 4:07:18 PM, Info: Saving project information...
8/30/2019 4:07:18 PM, Info: Saving project information...
8/30/2019 4:12:18 PM, Info: Saving project information...
8/30/2019 4:12:18 PM, Info: Saving project information...
8/30/2019 4:12:18 PM, Info: Saving project information...
8/30/2019 4:17:18 PM, Info: Saving project information...
8/30/2019 4:17:18 PM, Info: Saving project information...
8/30/2019 4:17:18 PM, Info: Saving project information...
8/30/2019 4:22:18 PM, Info: Saving project information...
8/30/2019 4:22:18 PM, Info: Saving project information...
8/30/2019 4:22:18 PM, Info: Saving project information...
8/30/2019 4:27:18 PM, Info: Saving project information...
8/30/2019 4:27:18 PM, Info: Saving project information...
8/30/2019 4:27:18 PM, Info: Saving project information...
8/30/2019 4:32:18 PM, Info: Saving project information...
8/30/2019 4:32:18 PM, Info: Saving project information...
8/30/2019 4:32:18 PM, Info: Saving project information...
8/30/2019 4:37:18 PM, Info: Saving project information...
8/30/2019 4:37:18 PM, Info: Saving project information...
8/30/2019 4:37:18 PM, Info: Saving project information...
8/30/2019 4:42:18 PM, Info: Saving project information...
8/30/2019 4:42:18 PM, Info: Saving project information...
8/30/2019 4:42:18 PM, Info: Saving project information...
8/30/2019 4:47:18 PM, Info: Saving project information...
8/30/2019 4:47:18 PM, Info: Saving project information...
8/30/2019 4:47:18 PM, Info: Saving project information...
8/30/2019 4:52:18 PM, Info: Saving project information...
8/30/2019 4:52:18 PM, Info: Saving project information...
8/30/2019 4:52:18 PM, Info: Saving project information...
8/30/2019 5:48:36 PM, Info: Saving project information...
8/30/2019 5:48:36 PM, Info: Saving project information...
8/30/2019 5:48:36 PM, Info: Saving project information...
8/30/2019 7:15:51 PM, Info: Saving project information...
8/30/2019 7:15:51 PM, Info: Saving project information...
8/30/2019 7:15:51 PM, Info: Saving project information...
8/30/2019 7:56:53 PM, Info: Saving project information...
8/30/2019 7:56:53 PM, Info: Saving project information...
8/30/2019 7:56:53 PM, Info: Saving project information...
8/30/2019 9:13:34 PM, Info: Saving project information...
8/30/2019 9:13:34 PM, Info: Saving project information...
8/30/2019 9:13:34 PM, Info: Saving project information...
8/30/2019 9:45:33 PM, Info: Saving project information...
8/30/2019 9:45:33 PM, Info: Saving project information...
8/30/2019 9:45:33 PM, Info: Saving project information...
8/30/2019 10:45:42 PM, Info: Saving project information...
8/30/2019 10:45:42 PM, Info: Saving project information...
8/30/2019 10:45:42 PM, Info: Saving project information...
8/30/2019 11:45:25 PM, Info: Saving project information...
8/30/2019 11:45:25 PM, Info: Saving project information...
8/30/2019 11:45:25 PM, Info: Saving project information...
8/31/2019 12:52:00 AM, Info: Saving project information...
8/31/2019 12:52:00 AM, Info: Saving project information...
8/31/2019 12:52:00 AM, Info: Saving project information...
8/31/2019 1:47:10 AM, Info: Saving project information...
8/31/2019 1:47:10 AM, Info: Saving project information...
8/31/2019 1:47:10 AM, Info: Saving project information...
8/31/2019 2:32:50 AM, Info: Saving project information...
8/31/2019 2:32:50 AM, Info: Saving project information...
8/31/2019 2:32:50 AM, Info: Saving project information...
8/31/2019 3:48:45 AM, Info: Saving project information...
8/31/2019 3:48:45 AM, Info: Saving project information...
8/31/2019 3:48:45 AM, Info: Saving project information...
8/31/2019 4:53:00 AM, Info: Saving project information...
8/31/2019 4:53:00 AM, Info: Saving project information...
8/31/2019 4:53:00 AM, Info: Saving project information...
8/31/2019 6:13:47 AM, Info: Saving project information...
8/31/2019 6:13:47 AM, Info: Saving project information...
8/31/2019 6:13:47 AM, Info: Saving project information...
8/31/2019 7:14:13 AM, Info: Saving project information...
8/31/2019 7:14:13 AM, Info: Saving project information...
8/31/2019 7:14:13 AM, Info: Saving project information...
8/31/2019 8:49:25 AM, Info: Saving project information...
8/31/2019 8:49:25 AM, Info: Saving project information...
8/31/2019 8:49:25 AM, Info: Saving project information...
8/31/2019 10:04:12 AM, Info: Saving project information...
8/31/2019 10:04:12 AM, Info: Saving project information...
8/31/2019 10:04:12 AM, Info: Saving project information...
8/31/2019 10:58:05 AM, Info: Saving project information...
8/31/2019 10:58:05 AM, Info: Saving project information...
8/31/2019 10:58:05 AM, Info: Saving project information...
8/31/2019 12:27:59 PM, Info: Saving project information...
8/31/2019 12:27:59 PM, Info: Saving project information...
8/31/2019 12:27:59 PM, Info: Saving project information...
8/31/2019 1:24:25 PM, Info: Saving project information...
8/31/2019 1:24:25 PM, Info: Saving project information...
8/31/2019 1:24:25 PM, Info: Saving project information...
8/31/2019 2:55:56 PM, Info: Saving project information...
8/31/2019 2:55:56 PM, Info: Saving project information...
8/31/2019 2:55:56 PM, Info: Saving project information...
8/31/2019 4:53:25 PM, Info: Saving project information...
8/31/2019 4:53:25 PM, Info: Saving project information...
8/31/2019 4:53:25 PM, Info: Saving project information...
8/31/2019 6:28:02 PM, Info: Saving project information...
8/31/2019 6:28:02 PM, Info: Saving project information...
8/31/2019 6:28:02 PM, Info: Saving project information...
8/31/2019 7:25:18 PM, Info: Saving project information...
8/31/2019 7:25:18 PM, Info: Saving project information...
8/31/2019 7:25:18 PM, Info: Saving project information...
8/31/2019 8:29:10 PM, Info: Saving project information...
8/31/2019 8:29:10 PM, Info: Saving project information...
8/31/2019 8:29:10 PM, Info: Saving project information...
8/31/2019 9:58:02 PM, Info: Saving project information...
8/31/2019 9:58:02 PM, Info: Saving project information...
8/31/2019 9:58:02 PM, Info: Saving project information...
8/31/2019 11:27:53 PM, Info: Saving project information...
8/31/2019 11:27:53 PM, Info: Saving project information...
8/31/2019 11:27:53 PM, Info: Saving project information...
9/1/2019 12:05:09 AM, Info: Saving project information...
9/1/2019 12:05:09 AM, Info: Saving project information...
9/1/2019 12:05:09 AM, Info: Saving project information...
9/1/2019 12:26:25 AM, Info: Saving project information...
9/1/2019 12:26:25 AM, Info: Saving project information...
9/1/2019 12:26:25 AM, Info: Saving project information...
9/1/2019 1:20:20 AM, Info: Saving project information...
9/1/2019 1:20:20 AM, Info: Saving project information...
9/1/2019 1:20:20 AM, Info: Saving project information...
9/1/2019 2:52:29 AM, Info: Saving project information...
9/1/2019 2:52:29 AM, Info: Saving project information...
9/1/2019 2:52:29 AM, Info: Saving project information...
9/1/2019 4:23:58 AM, Info: Saving project information...
9/1/2019 4:23:58 AM, Info: Saving project information...
9/1/2019 4:23:58 AM, Info: Saving project information...
9/1/2019 5:50:19 AM, Info: Saving project information...
9/1/2019 5:50:19 AM, Info: Saving project information...
9/1/2019 5:50:19 AM, Info: Saving project information...
9/1/2019 7:25:26 AM, Info: Saving project information...
9/1/2019 7:25:26 AM, Info: Saving project information...
9/1/2019 7:25:26 AM, Info: Saving project information...
9/1/2019 8:49:40 AM, Info: Saving project information...
9/1/2019 8:49:40 AM, Info: Saving project information...
9/1/2019 8:49:40 AM, Info: Saving project information...
9/1/2019 10:15:12 AM, Info: Saving project information...
9/1/2019 10:15:12 AM, Info: Saving project information...
9/1/2019 10:15:12 AM, Info: Saving project information...
9/1/2019 11:29:21 AM, Info: Saving project information...
9/1/2019 11:29:21 AM, Info: Saving project information...
9/1/2019 11:29:21 AM, Info: Saving project information...
9/1/2019 1:11:38 PM, Info: Saving project information...
9/1/2019 1:11:38 PM, Info: Saving project information...
9/1/2019 1:11:38 PM, Info: Saving project information...
9/1/2019 2:17:28 PM, Info: Saving project information...
9/1/2019 2:17:28 PM, Info: Saving project information...
9/1/2019 2:17:28 PM, Info: Saving project information...
9/1/2019 3:51:13 PM, Info: Saving project information...
9/1/2019 3:51:13 PM, Info: Saving project information...
9/1/2019 3:51:13 PM, Info: Saving project information...
9/1/2019 4:55:29 PM, Info: Saving project information...
9/1/2019 4:55:29 PM, Info: Saving project information...
9/1/2019 4:55:29 PM, Info: Saving project information...
9/1/2019 5:55:28 PM, Info: Saving project information...
9/1/2019 5:55:28 PM, Info: Saving project information...
9/1/2019 5:55:28 PM, Info: Saving project information...
9/1/2019 7:24:02 PM, Info: Saving project information...
9/1/2019 7:24:02 PM, Info: Saving project information...
9/1/2019 7:24:02 PM, Info: Saving project information...
9/1/2019 9:24:19 PM, Info: Saving project information...
9/1/2019 9:24:19 PM, Info: Saving project information...
9/1/2019 9:24:19 PM, Info: Saving project information...
9/1/2019 10:24:16 PM, Info: Saving project information...
9/1/2019 10:24:16 PM, Info: Saving project information...
9/1/2019 10:24:16 PM, Info: Saving project information...
9/2/2019 12:23:41 AM, Info: Saving project information...
9/2/2019 12:23:41 AM, Info: Saving project information...
9/2/2019 12:23:41 AM, Info: Saving project information...
9/2/2019 1:22:38 AM, Info: Saving project information...
9/2/2019 1:22:38 AM, Info: Saving project information...
9/2/2019 1:22:38 AM, Info: Saving project information...
9/2/2019 2:28:56 AM, Info: Saving project information...
9/2/2019 2:28:56 AM, Info: Saving project information...
9/2/2019 2:28:56 AM, Info: Saving project information...
9/2/2019 3:53:37 AM, Info: Saving project information...
9/2/2019 3:53:37 AM, Info: Saving project information...
9/2/2019 3:53:37 AM, Info: Saving project information...
9/2/2019 5:28:55 AM, Info: Saving project information...
9/2/2019 5:28:55 AM, Info: Saving project information...
9/2/2019 5:28:55 AM, Info: Saving project information...
9/2/2019 7:26:19 AM, Info: Saving project information...
9/2/2019 7:26:19 AM, Info: Saving project information...
9/2/2019 7:26:19 AM, Info: Saving project information...
9/2/2019 8:35:07 AM, Info: Saving project information...
9/2/2019 8:35:07 AM, Info: Saving project information...
9/2/2019 8:35:07 AM, Info: Saving project information...
9/2/2019 8:35:14 AM, Info: Terminating SIMPLSharp Services
