6/24/2019 10:21:58 AM, Info: Initializing SIMPLSharp Services...
6/24/2019 10:21:58 AM, Info: ProjectInfo successfully initialized.
6/24/2019 11:12:25 AM, Info: Validating assembly C:\Users\JTA\Documents\Stash Folder\KPMG\SLN101-TypeC\SLN101-TypeC.Plugins\Qsc.Dsp.Epi\KPMG.QSC.DSP.EPI\KPMG.QSC.DSP.EPI\bin\Debug\KPMG.QSC.DSP.EPI.dll...
6/24/2019 11:12:26 AM, Info: Verifying assembly C:\Users\JTA\Documents\Stash Folder\KPMG\SLN101-TypeC\SLN101-TypeC.Plugins\Qsc.Dsp.Epi\KPMG.QSC.DSP.EPI\KPMG.QSC.DSP.EPI\bin\Debug\KPMG.QSC.DSP.EPI.dll
6/24/2019 11:12:26 AM, Info: Creating Archive C:\Users\JTA\Documents\Stash Folder\KPMG\SLN101-TypeC\SLN101-TypeC.Plugins\Qsc.Dsp.Epi\KPMG.QSC.DSP.EPI\KPMG.QSC.DSP.EPI\bin\Debug\KPMG.QSC.DSP.EPI.cplz...
6/24/2019 11:12:27 AM, Info: Saving project information...
6/24/2019 12:42:30 PM, Info: Validating assembly C:\Users\JTA\Documents\Stash Folder\KPMG\SLN101-TypeC\SLN101-TypeC.Plugins\Qsc.Dsp.Epi\KPMG.QSC.DSP.EPI\KPMG.QSC.DSP.EPI\bin\Debug\KPMG.QSC.DSP.EPI.dll...
6/24/2019 12:42:30 PM, Info: Verifying assembly C:\Users\JTA\Documents\Stash Folder\KPMG\SLN101-TypeC\SLN101-TypeC.Plugins\Qsc.Dsp.Epi\KPMG.QSC.DSP.EPI\KPMG.QSC.DSP.EPI\bin\Debug\KPMG.QSC.DSP.EPI.dll
6/24/2019 12:42:30 PM, Info: Creating Archive C:\Users\JTA\Documents\Stash Folder\KPMG\SLN101-TypeC\SLN101-TypeC.Plugins\Qsc.Dsp.Epi\KPMG.QSC.DSP.EPI\KPMG.QSC.DSP.EPI\bin\Debug\KPMG.QSC.DSP.EPI.cplz...
6/24/2019 12:42:31 PM, Info: Saving project information...
6/24/2019 12:45:40 PM, Info: Validating assembly C:\Users\JTA\Documents\Stash Folder\KPMG\SLN101-TypeC\SLN101-TypeC.Plugins\Qsc.Dsp.Epi\KPMG.QSC.DSP.EPI\KPMG.QSC.DSP.EPI\bin\Debug\KPMG.QSC.DSP.EPI.dll...
6/24/2019 12:45:40 PM, Info: Verifying assembly C:\Users\JTA\Documents\Stash Folder\KPMG\SLN101-TypeC\SLN101-TypeC.Plugins\Qsc.Dsp.Epi\KPMG.QSC.DSP.EPI\KPMG.QSC.DSP.EPI\bin\Debug\KPMG.QSC.DSP.EPI.dll
6/24/2019 12:45:41 PM, Info: Creating Archive C:\Users\JTA\Documents\Stash Folder\KPMG\SLN101-TypeC\SLN101-TypeC.Plugins\Qsc.Dsp.Epi\KPMG.QSC.DSP.EPI\KPMG.QSC.DSP.EPI\bin\Debug\KPMG.QSC.DSP.EPI.cplz...
6/24/2019 12:45:41 PM, Info: Saving project information...
6/24/2019 12:49:01 PM, Info: Validating assembly C:\Users\JTA\Documents\Stash Folder\KPMG\SLN101-TypeC\SLN101-TypeC.Plugins\Qsc.Dsp.Epi\KPMG.QSC.DSP.EPI\KPMG.QSC.DSP.EPI\bin\Debug\KPMG.QSC.DSP.EPI.dll...
6/24/2019 12:49:01 PM, Info: Verifying assembly C:\Users\JTA\Documents\Stash Folder\KPMG\SLN101-TypeC\SLN101-TypeC.Plugins\Qsc.Dsp.Epi\KPMG.QSC.DSP.EPI\KPMG.QSC.DSP.EPI\bin\Debug\KPMG.QSC.DSP.EPI.dll
6/24/2019 12:49:01 PM, Info: Creating Archive C:\Users\JTA\Documents\Stash Folder\KPMG\SLN101-TypeC\SLN101-TypeC.Plugins\Qsc.Dsp.Epi\KPMG.QSC.DSP.EPI\KPMG.QSC.DSP.EPI\bin\Debug\KPMG.QSC.DSP.EPI.cplz...
6/24/2019 12:49:02 PM, Info: Saving project information...
6/24/2019 12:55:38 PM, Info: Validating assembly C:\Users\JTA\Documents\Stash Folder\KPMG\SLN101-TypeC\SLN101-TypeC.Plugins\Qsc.Dsp.Epi\KPMG.QSC.DSP.EPI\KPMG.QSC.DSP.EPI\bin\Debug\KPMG.QSC.DSP.EPI.dll...
6/24/2019 12:55:38 PM, Info: Verifying assembly C:\Users\JTA\Documents\Stash Folder\KPMG\SLN101-TypeC\SLN101-TypeC.Plugins\Qsc.Dsp.Epi\KPMG.QSC.DSP.EPI\KPMG.QSC.DSP.EPI\bin\Debug\KPMG.QSC.DSP.EPI.dll
6/24/2019 12:55:38 PM, Info: Creating Archive C:\Users\JTA\Documents\Stash Folder\KPMG\SLN101-TypeC\SLN101-TypeC.Plugins\Qsc.Dsp.Epi\KPMG.QSC.DSP.EPI\KPMG.QSC.DSP.EPI\bin\Debug\KPMG.QSC.DSP.EPI.cplz...
6/24/2019 12:55:39 PM, Info: Saving project information...
6/24/2019 1:07:24 PM, Info: Validating assembly C:\Users\JTA\Documents\Stash Folder\KPMG\SLN101-TypeC\SLN101-TypeC.Plugins\Qsc.Dsp.Epi\KPMG.QSC.DSP.EPI\KPMG.QSC.DSP.EPI\bin\Debug\KPMG.QSC.DSP.EPI.dll...
6/24/2019 1:07:24 PM, Info: Verifying assembly C:\Users\JTA\Documents\Stash Folder\KPMG\SLN101-TypeC\SLN101-TypeC.Plugins\Qsc.Dsp.Epi\KPMG.QSC.DSP.EPI\KPMG.QSC.DSP.EPI\bin\Debug\KPMG.QSC.DSP.EPI.dll
6/24/2019 1:07:24 PM, Info: Creating Archive C:\Users\JTA\Documents\Stash Folder\KPMG\SLN101-TypeC\SLN101-TypeC.Plugins\Qsc.Dsp.Epi\KPMG.QSC.DSP.EPI\KPMG.QSC.DSP.EPI\bin\Debug\KPMG.QSC.DSP.EPI.cplz...
6/24/2019 1:07:25 PM, Info: Saving project information...
6/24/2019 2:33:52 PM, Info: Validating assembly C:\Users\JTA\Documents\Stash Folder\KPMG\SLN101-TypeC\SLN101-TypeC.Plugins\Qsc.Dsp.Epi\KPMG.QSC.DSP.EPI\KPMG.QSC.DSP.EPI\bin\Debug\KPMG.QSC.DSP.EPI.dll...
6/24/2019 2:33:53 PM, Info: Verifying assembly C:\Users\JTA\Documents\Stash Folder\KPMG\SLN101-TypeC\SLN101-TypeC.Plugins\Qsc.Dsp.Epi\KPMG.QSC.DSP.EPI\KPMG.QSC.DSP.EPI\bin\Debug\KPMG.QSC.DSP.EPI.dll
6/24/2019 2:33:53 PM, Info: Creating Archive C:\Users\JTA\Documents\Stash Folder\KPMG\SLN101-TypeC\SLN101-TypeC.Plugins\Qsc.Dsp.Epi\KPMG.QSC.DSP.EPI\KPMG.QSC.DSP.EPI\bin\Debug\KPMG.QSC.DSP.EPI.cplz...
6/24/2019 2:33:54 PM, Info: Saving project information...
6/24/2019 2:46:15 PM, Info: Validating assembly C:\Users\JTA\Documents\Stash Folder\KPMG\SLN101-TypeC\SLN101-TypeC.Plugins\Qsc.Dsp.Epi\KPMG.QSC.DSP.EPI\KPMG.QSC.DSP.EPI\bin\Debug\KPMG.QSC.DSP.EPI.dll...
6/24/2019 2:46:15 PM, Info: Verifying assembly C:\Users\JTA\Documents\Stash Folder\KPMG\SLN101-TypeC\SLN101-TypeC.Plugins\Qsc.Dsp.Epi\KPMG.QSC.DSP.EPI\KPMG.QSC.DSP.EPI\bin\Debug\KPMG.QSC.DSP.EPI.dll
6/24/2019 2:46:15 PM, Info: Creating Archive C:\Users\JTA\Documents\Stash Folder\KPMG\SLN101-TypeC\SLN101-TypeC.Plugins\Qsc.Dsp.Epi\KPMG.QSC.DSP.EPI\KPMG.QSC.DSP.EPI\bin\Debug\KPMG.QSC.DSP.EPI.cplz...
6/24/2019 2:46:16 PM, Info: Saving project information...
6/24/2019 6:31:04 PM, Info: Validating assembly C:\Users\JTA\Documents\Stash Folder\KPMG\SLN101-TypeC\SLN101-TypeC.Plugins\Qsc.Dsp.Epi\KPMG.QSC.DSP.EPI\KPMG.QSC.DSP.EPI\bin\Debug\KPMG.QSC.DSP.EPI.dll...
6/24/2019 6:31:05 PM, Info: Verifying assembly C:\Users\JTA\Documents\Stash Folder\KPMG\SLN101-TypeC\SLN101-TypeC.Plugins\Qsc.Dsp.Epi\KPMG.QSC.DSP.EPI\KPMG.QSC.DSP.EPI\bin\Debug\KPMG.QSC.DSP.EPI.dll
6/24/2019 6:31:05 PM, Info: Creating Archive C:\Users\JTA\Documents\Stash Folder\KPMG\SLN101-TypeC\SLN101-TypeC.Plugins\Qsc.Dsp.Epi\KPMG.QSC.DSP.EPI\KPMG.QSC.DSP.EPI\bin\Debug\KPMG.QSC.DSP.EPI.cplz...
6/24/2019 6:31:06 PM, Info: Saving project information...
6/24/2019 6:38:40 PM, Info: Validating assembly C:\Users\JTA\Documents\Stash Folder\KPMG\SLN101-TypeC\SLN101-TypeC.Plugins\Qsc.Dsp.Epi\KPMG.QSC.DSP.EPI\KPMG.QSC.DSP.EPI\bin\Debug\KPMG.QSC.DSP.EPI.dll...
6/24/2019 6:38:41 PM, Info: Verifying assembly C:\Users\JTA\Documents\Stash Folder\KPMG\SLN101-TypeC\SLN101-TypeC.Plugins\Qsc.Dsp.Epi\KPMG.QSC.DSP.EPI\KPMG.QSC.DSP.EPI\bin\Debug\KPMG.QSC.DSP.EPI.dll
6/24/2019 6:38:41 PM, Info: Creating Archive C:\Users\JTA\Documents\Stash Folder\KPMG\SLN101-TypeC\SLN101-TypeC.Plugins\Qsc.Dsp.Epi\KPMG.QSC.DSP.EPI\KPMG.QSC.DSP.EPI\bin\Debug\KPMG.QSC.DSP.EPI.cplz...
6/24/2019 6:38:42 PM, Info: Saving project information...
6/24/2019 6:44:16 PM, Info: Validating assembly C:\Users\JTA\Documents\Stash Folder\KPMG\SLN101-TypeC\SLN101-TypeC.Plugins\Qsc.Dsp.Epi\KPMG.QSC.DSP.EPI\KPMG.QSC.DSP.EPI\bin\Debug\KPMG.QSC.DSP.EPI.dll...
6/24/2019 6:44:16 PM, Info: Verifying assembly C:\Users\JTA\Documents\Stash Folder\KPMG\SLN101-TypeC\SLN101-TypeC.Plugins\Qsc.Dsp.Epi\KPMG.QSC.DSP.EPI\KPMG.QSC.DSP.EPI\bin\Debug\KPMG.QSC.DSP.EPI.dll
6/24/2019 6:44:16 PM, Info: Creating Archive C:\Users\JTA\Documents\Stash Folder\KPMG\SLN101-TypeC\SLN101-TypeC.Plugins\Qsc.Dsp.Epi\KPMG.QSC.DSP.EPI\KPMG.QSC.DSP.EPI\bin\Debug\KPMG.QSC.DSP.EPI.cplz...
6/24/2019 6:44:17 PM, Info: Saving project information...
6/24/2019 6:51:53 PM, Info: Validating assembly C:\Users\JTA\Documents\Stash Folder\KPMG\SLN101-TypeC\SLN101-TypeC.Plugins\Qsc.Dsp.Epi\KPMG.QSC.DSP.EPI\KPMG.QSC.DSP.EPI\bin\Debug\KPMG.QSC.DSP.EPI.dll...
6/24/2019 6:51:53 PM, Info: Verifying assembly C:\Users\JTA\Documents\Stash Folder\KPMG\SLN101-TypeC\SLN101-TypeC.Plugins\Qsc.Dsp.Epi\KPMG.QSC.DSP.EPI\KPMG.QSC.DSP.EPI\bin\Debug\KPMG.QSC.DSP.EPI.dll
6/24/2019 6:51:53 PM, Info: Creating Archive C:\Users\JTA\Documents\Stash Folder\KPMG\SLN101-TypeC\SLN101-TypeC.Plugins\Qsc.Dsp.Epi\KPMG.QSC.DSP.EPI\KPMG.QSC.DSP.EPI\bin\Debug\KPMG.QSC.DSP.EPI.cplz...
6/24/2019 6:51:54 PM, Info: Saving project information...
6/24/2019 6:55:09 PM, Info: Validating assembly C:\Users\JTA\Documents\Stash Folder\KPMG\SLN101-TypeC\SLN101-TypeC.Plugins\Qsc.Dsp.Epi\KPMG.QSC.DSP.EPI\KPMG.QSC.DSP.EPI\bin\Debug\KPMG.QSC.DSP.EPI.dll...
6/24/2019 6:55:09 PM, Info: Verifying assembly C:\Users\JTA\Documents\Stash Folder\KPMG\SLN101-TypeC\SLN101-TypeC.Plugins\Qsc.Dsp.Epi\KPMG.QSC.DSP.EPI\KPMG.QSC.DSP.EPI\bin\Debug\KPMG.QSC.DSP.EPI.dll
6/24/2019 6:55:09 PM, Info: Creating Archive C:\Users\JTA\Documents\Stash Folder\KPMG\SLN101-TypeC\SLN101-TypeC.Plugins\Qsc.Dsp.Epi\KPMG.QSC.DSP.EPI\KPMG.QSC.DSP.EPI\bin\Debug\KPMG.QSC.DSP.EPI.cplz...
6/24/2019 6:55:10 PM, Info: Saving project information...
6/25/2019 9:03:14 AM, Info: Terminating SIMPLSharp Services
